Analysis & Synthesis report for CA_gen
Thu Jul  1 15:16:13 2021
Quartus Prime Version 20.1.0 Build 711 06/05/2020 SJ Lite Edition


---------------------
; Table of Contents ;
---------------------
  1. Legal Notice
  2. Analysis & Synthesis Summary
  3. Analysis & Synthesis Settings
  4. Parallel Compilation
  5. Analysis & Synthesis Source Files Read
  6. Analysis & Synthesis Resource Usage Summary
  7. Analysis & Synthesis Resource Utilization by Entity
  8. User-Specified and Inferred Latches
  9. General Register Statistics
 10. Inverted Register Statistics
 11. Post-Synthesis Netlist Statistics for Top Partition
 12. Elapsed Time Per Partition
 13. Analysis & Synthesis Messages



----------------
; Legal Notice ;
----------------
Copyright (C) 2020  Intel Corporation. All rights reserved.
Your use of Intel Corporation's design tools, logic functions 
and other software and tools, and any partner logic 
functions, and any output files from any of the foregoing 
(including device programming or simulation files), and any 
associated documentation or information are expressly subject 
to the terms and conditions of the Intel Program License 
Subscription Agreement, the Intel Quartus Prime License Agreement,
the Intel FPGA IP License Agreement, or other applicable license
agreement, including, without limitation, that your use is for
the sole purpose of programming logic devices manufactured by
Intel and sold by Intel or its authorized distributors.  Please
refer to the applicable agreement for further details, at
https://fpgasoftware.intel.com/eula.



+-------------------------------------------------------------------------------+
; Analysis & Synthesis Summary                                                  ;
+---------------------------------+---------------------------------------------+
; Analysis & Synthesis Status     ; Successful - Thu Jul  1 15:16:13 2021       ;
; Quartus Prime Version           ; 20.1.0 Build 711 06/05/2020 SJ Lite Edition ;
; Revision Name                   ; CA_gen                                      ;
; Top-level Entity Name           ; CA_NRZ                                      ;
; Family                          ; Cyclone V                                   ;
; Logic utilization (in ALMs)     ; N/A                                         ;
; Total registers                 ; 54                                          ;
; Total pins                      ; 12                                          ;
; Total virtual pins              ; 0                                           ;
; Total block memory bits         ; 0                                           ;
; Total DSP Blocks                ; 0                                           ;
; Total HSSI RX PCSs              ; 0                                           ;
; Total HSSI PMA RX Deserializers ; 0                                           ;
; Total HSSI TX PCSs              ; 0                                           ;
; Total HSSI PMA TX Serializers   ; 0                                           ;
; Total PLLs                      ; 0                                           ;
; Total DLLs                      ; 0                                           ;
+---------------------------------+---------------------------------------------+


+---------------------------------------------------------------------------------------------------------------------------+
; Analysis & Synthesis Settings                                                                                             ;
+---------------------------------------------------------------------------------+--------------------+--------------------+
; Option                                                                          ; Setting            ; Default Value      ;
+---------------------------------------------------------------------------------+--------------------+--------------------+
; Device                                                                          ; 5CGXFC7C7F23C8     ;                    ;
; Top-level entity name                                                           ; CA_NRZ             ; CA_gen             ;
; Family name                                                                     ; Cyclone V          ; Cyclone V          ;
; VHDL Show LMF Mapping Messages                                                  ; Off                ;                    ;
; VHDL Version                                                                    ; VHDL_2008          ; VHDL_1993          ;
; Use smart compilation                                                           ; Off                ; Off                ;
; Enable parallel Assembler and Timing Analyzer during compilation                ; On                 ; On                 ;
; Enable compact report table                                                     ; Off                ; Off                ;
; Restructure Multiplexers                                                        ; Auto               ; Auto               ;
; MLAB Add Timing Constraints For Mixed-Port Feed-Through Mode Setting Don't Care ; Off                ; Off                ;
; Create Debugging Nodes for IP Cores                                             ; Off                ; Off                ;
; Preserve fewer node names                                                       ; On                 ; On                 ;
; Intel FPGA IP Evaluation Mode                                                   ; Enable             ; Enable             ;
; Verilog Version                                                                 ; Verilog_2001       ; Verilog_2001       ;
; State Machine Processing                                                        ; Auto               ; Auto               ;
; Safe State Machine                                                              ; Off                ; Off                ;
; Extract Verilog State Machines                                                  ; On                 ; On                 ;
; Extract VHDL State Machines                                                     ; On                 ; On                 ;
; Ignore Verilog initial constructs                                               ; Off                ; Off                ;
; Iteration limit for constant Verilog loops                                      ; 5000               ; 5000               ;
; Iteration limit for non-constant Verilog loops                                  ; 250                ; 250                ;
; Add Pass-Through Logic to Inferred RAMs                                         ; On                 ; On                 ;
; Infer RAMs from Raw Logic                                                       ; On                 ; On                 ;
; Parallel Synthesis                                                              ; On                 ; On                 ;
; DSP Block Balancing                                                             ; Auto               ; Auto               ;
; NOT Gate Push-Back                                                              ; On                 ; On                 ;
; Power-Up Don't Care                                                             ; On                 ; On                 ;
; Remove Redundant Logic Cells                                                    ; Off                ; Off                ;
; Remove Duplicate Registers                                                      ; On                 ; On                 ;
; Ignore CARRY Buffers                                                            ; Off                ; Off                ;
; Ignore CASCADE Buffers                                                          ; Off                ; Off                ;
; Ignore GLOBAL Buffers                                                           ; Off                ; Off                ;
; Ignore ROW GLOBAL Buffers                                                       ; Off                ; Off                ;
; Ignore LCELL Buffers                                                            ; Off                ; Off                ;
; Ignore SOFT Buffers                                                             ; On                 ; On                 ;
; Limit AHDL Integers to 32 Bits                                                  ; Off                ; Off                ;
; Optimization Technique                                                          ; Balanced           ; Balanced           ;
; Carry Chain Length                                                              ; 70                 ; 70                 ;
; Auto Carry Chains                                                               ; On                 ; On                 ;
; Auto Open-Drain Pins                                                            ; On                 ; On                 ;
; Perform WYSIWYG Primitive Resynthesis                                           ; Off                ; Off                ;
; Auto ROM Replacement                                                            ; On                 ; On                 ;
; Auto RAM Replacement                                                            ; On                 ; On                 ;
; Auto DSP Block Replacement                                                      ; On                 ; On                 ;
; Auto Shift Register Replacement                                                 ; Auto               ; Auto               ;
; Allow Shift Register Merging across Hierarchies                                 ; Auto               ; Auto               ;
; Auto Clock Enable Replacement                                                   ; On                 ; On                 ;
; Strict RAM Replacement                                                          ; Off                ; Off                ;
; Allow Synchronous Control Signals                                               ; On                 ; On                 ;
; Force Use of Synchronous Clear Signals                                          ; Off                ; Off                ;
; Auto Resource Sharing                                                           ; Off                ; Off                ;
; Allow Any RAM Size For Recognition                                              ; Off                ; Off                ;
; Allow Any ROM Size For Recognition                                              ; Off                ; Off                ;
; Allow Any Shift Register Size For Recognition                                   ; Off                ; Off                ;
; Use LogicLock Constraints during Resource Balancing                             ; On                 ; On                 ;
; Ignore translate_off and synthesis_off directives                               ; Off                ; Off                ;
; Timing-Driven Synthesis                                                         ; On                 ; On                 ;
; Report Parameter Settings                                                       ; On                 ; On                 ;
; Report Source Assignments                                                       ; On                 ; On                 ;
; Report Connectivity Checks                                                      ; On                 ; On                 ;
; Ignore Maximum Fan-Out Assignments                                              ; Off                ; Off                ;
; Synchronization Register Chain Length                                           ; 3                  ; 3                  ;
; Power Optimization During Synthesis                                             ; Normal compilation ; Normal compilation ;
; HDL message level                                                               ; Level2             ; Level2             ;
; Suppress Register Optimization Related Messages                                 ; Off                ; Off                ;
; Number of Removed Registers Reported in Synthesis Report                        ; 5000               ; 5000               ;
; Number of Swept Nodes Reported in Synthesis Report                              ; 5000               ; 5000               ;
; Number of Inverted Registers Reported in Synthesis Report                       ; 100                ; 100                ;
; Clock MUX Protection                                                            ; On                 ; On                 ;
; Auto Gated Clock Conversion                                                     ; Off                ; Off                ;
; Block Design Naming                                                             ; Auto               ; Auto               ;
; SDC constraint protection                                                       ; Off                ; Off                ;
; Synthesis Effort                                                                ; Auto               ; Auto               ;
; Shift Register Replacement - Allow Asynchronous Clear Signal                    ; On                 ; On                 ;
; Pre-Mapping Resynthesis Optimization                                            ; Off                ; Off                ;
; Analysis & Synthesis Message Level                                              ; Medium             ; Medium             ;
; Disable Register Merging Across Hierarchies                                     ; Auto               ; Auto               ;
; Resource Aware Inference For Block RAM                                          ; On                 ; On                 ;
; Automatic Parallel Synthesis                                                    ; On                 ; On                 ;
; Partial Reconfiguration Bitstream ID                                            ; Off                ; Off                ;
+---------------------------------------------------------------------------------+--------------------+--------------------+


+------------------------------------------+
; Parallel Compilation                     ;
+----------------------------+-------------+
; Processors                 ; Number      ;
+----------------------------+-------------+
; Number detected on machine ; 4           ;
; Maximum allowed            ; 2           ;
;                            ;             ;
; Average used               ; 1.00        ;
; Maximum used               ; 2           ;
;                            ;             ;
; Usage by Processor         ; % Time Used ;
;     Processor 1            ; 100.0%      ;
;     Processor 2            ;   0.0%      ;
+----------------------------+-------------+


+-----------------------------------------------------------------------------------------------------------------------------+
; Analysis & Synthesis Source Files Read                                                                                      ;
+----------------------------------+-----------------+-----------------+--------------------------------------------+---------+
; File Name with User-Entered Path ; Used in Netlist ; File Type       ; File Name with Absolute Path               ; Library ;
+----------------------------------+-----------------+-----------------+--------------------------------------------+---------+
; CA_gen.vhd                       ; yes             ; User VHDL File  ; /home/nishant/Documents/CA_test/CA_gen.vhd ;         ;
; CA_NRZ.vhd                       ; yes             ; User VHDL File  ; /home/nishant/Documents/CA_test/CA_NRZ.vhd ;         ;
+----------------------------------+-----------------+-----------------+--------------------------------------------+---------+


+---------------------------------------------------------+
; Analysis & Synthesis Resource Usage Summary             ;
+---------------------------------------------+-----------+
; Resource                                    ; Usage     ;
+---------------------------------------------+-----------+
; Estimate of Logic utilization (ALMs needed) ; 39        ;
;                                             ;           ;
; Combinational ALUT usage for logic          ; 65        ;
;     -- 7 input functions                    ; 1         ;
;     -- 6 input functions                    ; 8         ;
;     -- 5 input functions                    ; 13        ;
;     -- 4 input functions                    ; 0         ;
;     -- <=3 input functions                  ; 43        ;
;                                             ;           ;
; Dedicated logic registers                   ; 54        ;
;                                             ;           ;
; I/O pins                                    ; 12        ;
;                                             ;           ;
; Total DSP Blocks                            ; 0         ;
;                                             ;           ;
; Maximum fan-out node                        ; rst~input ;
; Maximum fan-out                             ; 62        ;
; Total fan-out                               ; 477       ;
; Average fan-out                             ; 3.34      ;
+---------------------------------------------+-----------+


+----------------------------------------------------------------------------------------------------------------------------------------------------------------------------------------+
; Analysis & Synthesis Resource Utilization by Entity                                                                                                                                    ;
+----------------------------+---------------------+---------------------------+-------------------+------------+------+--------------+---------------------+-------------+--------------+
; Compilation Hierarchy Node ; Combinational ALUTs ; Dedicated Logic Registers ; Block Memory Bits ; DSP Blocks ; Pins ; Virtual Pins ; Full Hierarchy Name ; Entity Name ; Library Name ;
+----------------------------+---------------------+---------------------------+-------------------+------------+------+--------------+---------------------+-------------+--------------+
; |CA_NRZ                    ; 65 (0)              ; 54 (0)                    ; 0                 ; 0          ; 12   ; 0            ; |CA_NRZ             ; CA_NRZ      ; work         ;
;    |CA_gen:u1|             ; 65 (65)             ; 54 (54)                   ; 0                 ; 0          ; 0    ; 0            ; |CA_NRZ|CA_gen:u1   ; CA_gen      ; work         ;
+----------------------------+---------------------+---------------------------+-------------------+------------+------+--------------+---------------------+-------------+--------------+
Note: For table entries with two numbers listed, the numbers in parentheses indicate the number of resources of the given type used by the specific entity alone. The numbers listed outside of parentheses indicate the total resources of the given type used by the specific entity and all of its sub-entities in the hierarchy.


+---------------------------------------------------------------------------------------------------+
; User-Specified and Inferred Latches                                                               ;
+----------------------------------------------------+---------------------+------------------------+
; Latch Name                                         ; Latch Enable Signal ; Free of Timing Hazards ;
+----------------------------------------------------+---------------------+------------------------+
; CA_gen:u1|t1[2]                                    ; rst                 ; yes                    ;
; CA_gen:u1|t1[3]                                    ; rst                 ; yes                    ;
; CA_gen:u1|t1[1]                                    ; rst                 ; yes                    ;
; CA_gen:u1|t1[0]                                    ; rst                 ; yes                    ;
; CA_gen:u1|t2[3]                                    ; rst                 ; yes                    ;
; CA_gen:u1|t2[2]                                    ; rst                 ; yes                    ;
; CA_gen:u1|t2[1]                                    ; rst                 ; yes                    ;
; CA_gen:u1|t2[0]                                    ; rst                 ; yes                    ;
; Number of user-specified and inferred latches = 8  ;                     ;                        ;
+----------------------------------------------------+---------------------+------------------------+
Note: All latches listed above may not be present at the end of synthesis due to various synthesis optimizations.


+------------------------------------------------------+
; General Register Statistics                          ;
+----------------------------------------------+-------+
; Statistic                                    ; Value ;
+----------------------------------------------+-------+
; Total registers                              ; 54    ;
; Number of registers using Synchronous Clear  ; 32    ;
; Number of registers using Synchronous Load   ; 0     ;
; Number of registers using Asynchronous Clear ; 54    ;
; Number of registers using Asynchronous Load  ; 0     ;
; Number of registers using Clock Enable       ; 54    ;
; Number of registers using Preset             ; 0     ;
+----------------------------------------------+-------+


+---------------------------------------------------+
; Inverted Register Statistics                      ;
+-----------------------------------------+---------+
; Inverted Register                       ; Fan out ;
+-----------------------------------------+---------+
; CA_gen:u1|c_a                           ; 1       ;
; CA_gen:u1|g1[10]                        ; 2       ;
; CA_gen:u1|g2[4]                         ; 3       ;
; CA_gen:u1|g2[5]                         ; 3       ;
; CA_gen:u1|g2[6]                         ; 4       ;
; CA_gen:u1|g2[7]                         ; 3       ;
; CA_gen:u1|g2[10]                        ; 3       ;
; CA_gen:u1|g2[8]                         ; 4       ;
; CA_gen:u1|g2[1]                         ; 3       ;
; CA_gen:u1|g2[9]                         ; 4       ;
; CA_gen:u1|g2[3]                         ; 4       ;
; CA_gen:u1|g2[2]                         ; 4       ;
; CA_gen:u1|g1[9]                         ; 1       ;
; CA_gen:u1|g1[8]                         ; 1       ;
; CA_gen:u1|g1[7]                         ; 1       ;
; CA_gen:u1|g1[6]                         ; 1       ;
; CA_gen:u1|g1[5]                         ; 1       ;
; CA_gen:u1|g1[4]                         ; 1       ;
; CA_gen:u1|g1[3]                         ; 2       ;
; CA_gen:u1|g1[2]                         ; 1       ;
; CA_gen:u1|g1[1]                         ; 1       ;
; Total number of inverted registers = 21 ;         ;
+-----------------------------------------+---------+


+-----------------------------------------------------+
; Post-Synthesis Netlist Statistics for Top Partition ;
+-----------------------+-----------------------------+
; Type                  ; Count                       ;
+-----------------------+-----------------------------+
; arriav_ff             ; 54                          ;
;     ENA CLR           ; 22                          ;
;     ENA CLR SCLR      ; 32                          ;
; arriav_lcell_comb     ; 66                          ;
;     arith             ; 32                          ;
;         1 data inputs ; 32                          ;
;     extend            ; 1                           ;
;         7 data inputs ; 1                           ;
;     normal            ; 33                          ;
;         0 data inputs ; 1                           ;
;         2 data inputs ; 1                           ;
;         3 data inputs ; 10                          ;
;         5 data inputs ; 13                          ;
;         6 data inputs ; 8                           ;
; boundary_port         ; 12                          ;
;                       ;                             ;
; Max LUT depth         ; 4.10                        ;
; Average LUT depth     ; 2.58                        ;
+-----------------------+-----------------------------+


+-------------------------------+
; Elapsed Time Per Partition    ;
+----------------+--------------+
; Partition Name ; Elapsed Time ;
+----------------+--------------+
; Top            ; 00:00:01     ;
+----------------+--------------+


+-------------------------------+
; Analysis & Synthesis Messages ;
+-------------------------------+
Info: *******************************************************************
Info: Running Quartus Prime Analysis & Synthesis
    Info: Version 20.1.0 Build 711 06/05/2020 SJ Lite Edition
    Info: Processing started: Thu Jul  1 15:16:00 2021
Info: Command: quartus_map --read_settings_files=on --write_settings_files=off CA_gen -c CA_gen
Warning (18236): Number of processors has not been specified which may cause overloading on shared machines.  Set the global assignment NUM_PARALLEL_PROCESSORS in your QSF to an appropriate value for best performance.
Info (20030): Parallel compilation is enabled and will use 2 of the 2 processors detected
Info (12021): Found 2 design units, including 1 entities, in source file CA_gen.vhd
    Info (12022): Found design unit 1: CA_gen-beh File: /home/nishant/Documents/CA_test/CA_gen.vhd Line: 28
    Info (12023): Found entity 1: CA_gen File: /home/nishant/Documents/CA_test/CA_gen.vhd Line: 19
Info (12021): Found 2 design units, including 1 entities, in source file CA_gen_tb.vhd
    Info (12022): Found design unit 1: CA_gen_tb-behavior File: /home/nishant/Documents/CA_test/CA_gen_tb.vhd Line: 15
    Info (12023): Found entity 1: CA_gen_tb File: /home/nishant/Documents/CA_test/CA_gen_tb.vhd Line: 12
Info (12021): Found 2 design units, including 1 entities, in source file CA_NRZ.vhd
    Info (12022): Found design unit 1: CA_NRZ-behavior File: /home/nishant/Documents/CA_test/CA_NRZ.vhd Line: 21
    Info (12023): Found entity 1: CA_NRZ File: /home/nishant/Documents/CA_test/CA_NRZ.vhd Line: 12
Info (12127): Elaborating entity "CA_NRZ" for the top level hierarchy
Info (12128): Elaborating entity "CA_gen" for hierarchy "CA_gen:u1" File: /home/nishant/Documents/CA_test/CA_NRZ.vhd Line: 36
Warning (10492): VHDL Process Statement warning at CA_gen.vhd(52): signal "SAT" is read inside the Process Statement but isn't in the Process Statement's sensitivity list File: /home/nishant/Documents/CA_test/CA_gen.vhd Line: 52
Warning (10492): VHDL Process Statement warning at CA_gen.vhd(174): signal "flag" is read inside the Process Statement but isn't in the Process Statement's sensitivity list File: /home/nishant/Documents/CA_test/CA_gen.vhd Line: 174
Warning (10631): VHDL Process Statement warning at CA_gen.vhd(38): inferring latch(es) for signal or variable "t1", which holds its previous value in one or more paths through the process File: /home/nishant/Documents/CA_test/CA_gen.vhd Line: 38
Warning (10631): VHDL Process Statement warning at CA_gen.vhd(38): inferring latch(es) for signal or variable "t2", which holds its previous value in one or more paths through the process File: /home/nishant/Documents/CA_test/CA_gen.vhd Line: 38
Info (10041): Inferred latch for "t2[0]" at CA_gen.vhd(38) File: /home/nishant/Documents/CA_test/CA_gen.vhd Line: 38
Info (10041): Inferred latch for "t2[1]" at CA_gen.vhd(38) File: /home/nishant/Documents/CA_test/CA_gen.vhd Line: 38
Info (10041): Inferred latch for "t2[2]" at CA_gen.vhd(38) File: /home/nishant/Documents/CA_test/CA_gen.vhd Line: 38
Info (10041): Inferred latch for "t2[3]" at CA_gen.vhd(38) File: /home/nishant/Documents/CA_test/CA_gen.vhd Line: 38
Info (10041): Inferred latch for "t1[0]" at CA_gen.vhd(38) File: /home/nishant/Documents/CA_test/CA_gen.vhd Line: 38
Info (10041): Inferred latch for "t1[1]" at CA_gen.vhd(38) File: /home/nishant/Documents/CA_test/CA_gen.vhd Line: 38
Info (10041): Inferred latch for "t1[2]" at CA_gen.vhd(38) File: /home/nishant/Documents/CA_test/CA_gen.vhd Line: 38
Info (10041): Inferred latch for "t1[3]" at CA_gen.vhd(38) File: /home/nishant/Documents/CA_test/CA_gen.vhd Line: 38
Warning (13024): Output pins are stuck at VCC or GND
    Warning (13410): Pin "ca_int[0]" is stuck at VCC File: /home/nishant/Documents/CA_test/CA_NRZ.vhd Line: 17
Info (286030): Timing-Driven Synthesis is running
Critical Warning (18061): Ignored Power-Up Level option on the following registers
    Critical Warning (18010): Register CA_gen:u1|c_a will power up to High File: /home/nishant/Documents/CA_test/CA_gen.vhd Line: 154
Info (16010): Generating hard_block partition "hard_block:auto_generated_inst"
    Info (16011): Adding 0 node(s), including 0 DDIO, 0 PLL, 0 transceiver and 0 LCELL
Warning (21074): Design contains 1 input pin(s) that do not drive logic
    Warning (15610): No output dependent on input pin "SAT[5]" File: /home/nishant/Documents/CA_test/CA_NRZ.vhd Line: 16
Info (21057): Implemented 96 device resources after synthesis - the final resource count might be different
    Info (21058): Implemented 9 input pins
    Info (21059): Implemented 3 output pins
    Info (21061): Implemented 84 logic cells
Info: Quartus Prime Analysis & Synthesis was successful. 0 errors, 11 warnings
    Info: Peak virtual memory: 508 megabytes
    Info: Processing ended: Thu Jul  1 15:16:13 2021
    Info: Elapsed time: 00:00:13
    Info: Total CPU time (on all processors): 00:00:29


